\BOOKMARK [0][-]{section*.2}{Abstract}{}% 1
\BOOKMARK [0][-]{section*.3}{Acknowledgements}{}% 2
\BOOKMARK [0][-]{chapter.14}{INTRODUCCIÓN}{}% 3
\BOOKMARK [0][-]{chapter.15}{INTRODUCCIÓN A LAS BCGs}{}% 4
\BOOKMARK [1][-]{section.16}{El\040Universo.\040Pasado-Presente}{chapter.15}% 5
\BOOKMARK [1][-]{section.17}{Zoo Galáctico}{chapter.15}% 6
\BOOKMARK [1][-]{section.18}{Relación Morfología-Densidad}{chapter.15}% 7
\BOOKMARK [1][-]{section.19}{Cúmulos de Galaxias}{chapter.15}% 8
\BOOKMARK [1][-]{section.20}{Las\040BCGs\040y\040sus\040Propiedades}{chapter.15}% 9
\BOOKMARK [1][-]{section.21}{Formación y Evolución de las BCGs}{chapter.15}% 10
\BOOKMARK [0][-]{chapter.22}{HERRAMIENTAS Y MÉTODOS UTILIZADOS}{}% 11
\BOOKMARK [1][-]{section.23}{Welcome\040and\040Thank\040You}{chapter.22}% 12
\BOOKMARK [1][-]{section.24}{Learning\040LaTeX}{chapter.22}% 13
\BOOKMARK [0][-]{chapter.25}{RESULTADOS}{}% 14
\BOOKMARK [1][-]{section.26}{Importancia\040del\040AGN}{chapter.25}% 15
\BOOKMARK [1][-]{section.29}{Evolución Masas}{chapter.25}% 16
\BOOKMARK [1][-]{section.37}{Evolución Tamanño}{chapter.25}% 17
\BOOKMARK [1][-]{section.38}{Influencia\040del\040Polvo}{chapter.25}% 18
\BOOKMARK [1][-]{section.39}{Estabilidad a Mayor Resolución}{chapter.25}% 19
\BOOKMARK [0][-]{chapter.40}{CONCLUSIONES}{}% 20
\BOOKMARK [1][-]{section.41}{Welcome\040and\040Thank\040You}{chapter.40}% 21
\BOOKMARK [1][-]{section.42}{Learning\040LaTeX}{chapter.40}% 22
\BOOKMARK [0][-]{appendix.43}{Frequently\040Asked\040Questions}{}% 23
\BOOKMARK [1][-]{section.44}{How\040do\040I\040change\040the\040colors\040of\040links?}{appendix.43}% 24
